#
# There is insufficient memory for the Java Runtime Environment to continue.
# Native memory allocation (malloc) failed to allocate 121216 bytes for Chunk::new
# Possible reasons:
#   The system is out of physical RAM or swap space
#   The process is running with CompressedOops enabled, and the Java Heap may be blocking the growth of the native heap
# Possible solutions:
#   Reduce memory load on the system
#   Increase physical memory or swap space
#   Check if swap backing store is full
#   Decrease Java heap size (-Xmx/-Xms)
#   Decrease number of Java threads
#   Decrease Java thread stack sizes (-Xss)
#   Set larger code cache with -XX:ReservedCodeCacheSize=
#   JVM is running with Zero Based Compressed Oops mode in which the Java heap is
#     placed in the first 32GB address space. The Java Heap base address is the
#     maximum limit for the native heap growth. Please use -XX:HeapBaseMinAddress
#     to set the Java Heap base and to place the Java Heap above 32GB virtual address.
# This output file may be truncated or incomplete.
#
#  Out of Memory Error (arena.cpp:191), pid=24144, tid=11172
#
# JRE version: OpenJDK Runtime Environment JBR-17.0.9+8-1166.2-nomod (17.0.9+8) (build 17.0.9+8-b1166.2)
# Java VM: OpenJDK 64-Bit Server VM JBR-17.0.9+8-1166.2-nomod (17.0.9+8-b1166.2, mixed mode, tiered, compressed oops, compressed class ptrs, g1 gc, windows-amd64)
# No core dump will be written. Minidumps are not enabled by default on client versions of Windows
#

---------------  S U M M A R Y ------------

Command Line: -javaagent:D:\IntelliJ IDEA 2023.3.4\lib\idea_rt.jar=56533:D:\IntelliJ IDEA 2023.3.4\bin -Dfile.encoding=UTF-8 com.kob.botrunningsystem.Main test,test2

Host: AMD Ryzen 5 5600H with Radeon Graphics         , 12 cores, 15G,  Windows 11 , 64 bit Build 22000 (10.0.22000.2538)
Time: Wed Mar 27 22:48:04 2024  Windows 11 , 64 bit Build 22000 (10.0.22000.2538) elapsed time: 0.214204 seconds (0d 0h 0m 0s)

---------------  T H R E A D  ---------------

Current thread (0x000002136f967c80):  JavaThread "C2 CompilerThread0" daemon [_thread_in_native, id=11172, stack(0x000000df64e00000,0x000000df64f00000)]


Current CompileTask:
C2:    214  248   !   4       java.util.zip.ZipFile$Source::checkAndAddEntry (262 bytes)

Stack: [0x000000df64e00000,0x000000df64f00000]
Native frames: (J=compiled Java code, j=interpreted, Vv=VM code, C=native code)
V  [jvm.dll+0x688349]
V  [jvm.dll+0x841bfa]
V  [jvm.dll+0x84383e]
V  [jvm.dll+0x843ea3]
V  [jvm.dll+0x24bdef]
V  [jvm.dll+0xac44c]
V  [jvm.dll+0xaca9c]
V  [jvm.dll+0x2b33ef]
V  [jvm.dll+0x590407]
V  [jvm.dll+0x226412]
V  [jvm.dll+0x21f6b2]
V  [jvm.dll+0x21cd71]
V  [jvm.dll+0x1a66dd]
V  [jvm.dll+0x22cd28]
V  [jvm.dll+0x22ae60]
V  [jvm.dll+0x7f6087]
V  [jvm.dll+0x7f043a]
V  [jvm.dll+0x6871c5]
C  [ucrtbase.dll+0x26c0c]
C  [KERNEL32.DLL+0x153e0]
C  [ntdll.dll+0x485b]


---------------  P R O C E S S  ---------------

Threads class SMR info:
_java_thread_list=0x000002136fc64be0, length=12, elements={
0x000002134fbb3a10, 0x000002136f936980, 0x000002136f939610, 0x000002136f98e550,
0x000002136f965c50, 0x000002136f966520, 0x000002136f966ee0, 0x000002136f967c80,
0x000002136f9b0b00, 0x000002136f9b5430, 0x000002136f9c9150, 0x000002136fc664c0
}

Java Threads: ( => current thread )
  0x000002134fbb3a10 JavaThread "main" [_thread_in_vm, id=18292, stack(0x000000df64100000,0x000000df64200000)]
  0x000002136f936980 JavaThread "Reference Handler" daemon [_thread_blocked, id=21452, stack(0x000000df64800000,0x000000df64900000)]
  0x000002136f939610 JavaThread "Finalizer" daemon [_thread_blocked, id=21620, stack(0x000000df64900000,0x000000df64a00000)]
  0x000002136f98e550 JavaThread "Signal Dispatcher" daemon [_thread_blocked, id=18620, stack(0x000000df64a00000,0x000000df64b00000)]
  0x000002136f965c50 JavaThread "Attach Listener" daemon [_thread_blocked, id=14148, stack(0x000000df64b00000,0x000000df64c00000)]
  0x000002136f966520 JavaThread "Service Thread" daemon [_thread_blocked, id=10228, stack(0x000000df64c00000,0x000000df64d00000)]
  0x000002136f966ee0 JavaThread "Monitor Deflation Thread" daemon [_thread_blocked, id=14908, stack(0x000000df64d00000,0x000000df64e00000)]
=>0x000002136f967c80 JavaThread "C2 CompilerThread0" daemon [_thread_in_native, id=11172, stack(0x000000df64e00000,0x000000df64f00000)]
  0x000002136f9b0b00 JavaThread "C1 CompilerThread0" daemon [_thread_blocked, id=24464, stack(0x000000df64f00000,0x000000df65000000)]
  0x000002136f9b5430 JavaThread "Sweeper thread" daemon [_thread_blocked, id=12156, stack(0x000000df65000000,0x000000df65100000)]
  0x000002136f9c9150 JavaThread "Common-Cleaner" daemon [_thread_blocked, id=6996, stack(0x000000df65100000,0x000000df65200000)]
  0x000002136fc664c0 JavaThread "C2 CompilerThread1" daemon [_thread_blocked, id=2260, stack(0x000000df65200000,0x000000df65300000)]

Other Threads:
  0x000002136f931a40 VMThread "VM Thread" [stack: 0x000000df64700000,0x000000df64800000] [id=19452]
  0x000002134fc1cd20 GCTaskThread "GC Thread#0" [stack: 0x000000df64200000,0x000000df64300000] [id=11908]
  0x000002134fc2d9f0 ConcurrentGCThread "G1 Main Marker" [stack: 0x000000df64300000,0x000000df64400000] [id=2452]
  0x000002134fc2f320 ConcurrentGCThread "G1 Conc#0" [stack: 0x000000df64400000,0x000000df64500000] [id=6372]
  0x000002136f326940 ConcurrentGCThread "G1 Refine#0" [stack: 0x000000df64500000,0x000000df64600000] [id=7552]
  0x000002136f327270 ConcurrentGCThread "G1 Service" [stack: 0x000000df64600000,0x000000df64700000] [id=2664]

Threads with active compile tasks:
C2 CompilerThread0      251  248   !   4       java.util.zip.ZipFile$Source::checkAndAddEntry (262 bytes)

VM state: not at safepoint (normal execution)

VM Mutex/Monitor currently owned by a thread:  ([mutex/lock_event])
[0x000002134fbad9d0] Metaspace_lock - owner thread: 0x000002134fbb3a10

OutOfMemory and StackOverflow Exception counts:
StackOverflowErrors=1

Heap address: 0x0000000701800000, size: 4072 MB, Compressed Oops mode: Zero based, Oop shift amount: 3

CDS archive(s) not mapped
Compressed class space mapped at: 0x0000000800000000-0x0000000840000000, reserved size: 1073741824
Narrow klass base: 0x0000000800000000, Narrow klass shift: 0, Narrow klass range: 0x40000000

GC Precious Log:
 CPUs: 12 total, 12 available
 Memory: 16286M
 Large Page Support: Disabled
 NUMA Support: Disabled
 Compressed Oops: Enabled (Zero based)
 Heap Region Size: 2M
 Heap Min Capacity: 8M
 Heap Initial Capacity: 256M
 Heap Max Capacity: 4072M
 Pre-touch: Disabled
 Parallel Workers: 10
 Concurrent Workers: 3
 Concurrent Refinement Workers: 10
 Periodic GC: Disabled

Heap:
 garbage-first heap   total 262144K, used 4096K [0x0000000701800000, 0x0000000800000000)
  region size 2048K, 3 young (6144K), 0 survivors (0K)
 Metaspace       used 6588K, committed 6720K, reserved 1114112K
  class space    used 561K, committed 640K, reserved 1048576K

Heap Regions: E=young(eden), S=young(survivor), O=old, HS=humongous(starts), HC=humongous(continues), CS=collection set, F=free, OA=open archive, CA=closed archive, TAMS=top-at-mark-start (previous, next)
|   0|0x0000000701800000, 0x0000000701800000, 0x0000000701a00000|  0%| F|  |TAMS 0x0000000701800000, 0x0000000701800000| Untracked 
|   1|0x0000000701a00000, 0x0000000701a00000, 0x0000000701c00000|  0%| F|  |TAMS 0x0000000701a00000, 0x0000000701a00000| Untracked 
|   2|0x0000000701c00000, 0x0000000701c00000, 0x0000000701e00000|  0%| F|  |TAMS 0x0000000701c00000, 0x0000000701c00000| Untracked 
|   3|0x0000000701e00000, 0x0000000701e00000, 0x0000000702000000|  0%| F|  |TAMS 0x0000000701e00000, 0x0000000701e00000| Untracked 
|   4|0x0000000702000000, 0x0000000702000000, 0x0000000702200000|  0%| F|  |TAMS 0x0000000702000000, 0x0000000702000000| Untracked 
|   5|0x0000000702200000, 0x0000000702200000, 0x0000000702400000|  0%| F|  |TAMS 0x0000000702200000, 0x0000000702200000| Untracked 
|   6|0x0000000702400000, 0x0000000702400000, 0x0000000702600000|  0%| F|  |TAMS 0x0000000702400000, 0x0000000702400000| Untracked 
|   7|0x0000000702600000, 0x0000000702600000, 0x0000000702800000|  0%| F|  |TAMS 0x0000000702600000, 0x0000000702600000| Untracked 
|   8|0x0000000702800000, 0x0000000702800000, 0x0000000702a00000|  0%| F|  |TAMS 0x0000000702800000, 0x0000000702800000| Untracked 
|   9|0x0000000702a00000, 0x0000000702a00000, 0x0000000702c00000|  0%| F|  |TAMS 0x0000000702a00000, 0x0000000702a00000| Untracked 
|  10|0x0000000702c00000, 0x0000000702c00000, 0x0000000702e00000|  0%| F|  |TAMS 0x0000000702c00000, 0x0000000702c00000| Untracked 
|  11|0x0000000702e00000, 0x0000000702e00000, 0x0000000703000000|  0%| F|  |TAMS 0x0000000702e00000, 0x0000000702e00000| Untracked 
|  12|0x0000000703000000, 0x0000000703000000, 0x0000000703200000|  0%| F|  |TAMS 0x0000000703000000, 0x0000000703000000| Untracked 
|  13|0x0000000703200000, 0x0000000703200000, 0x0000000703400000|  0%| F|  |TAMS 0x0000000703200000, 0x0000000703200000| Untracked 
|  14|0x0000000703400000, 0x0000000703400000, 0x0000000703600000|  0%| F|  |TAMS 0x0000000703400000, 0x0000000703400000| Untracked 
|  15|0x0000000703600000, 0x0000000703600000, 0x0000000703800000|  0%| F|  |TAMS 0x0000000703600000, 0x0000000703600000| Untracked 
|  16|0x0000000703800000, 0x0000000703800000, 0x0000000703a00000|  0%| F|  |TAMS 0x0000000703800000, 0x0000000703800000| Untracked 
|  17|0x0000000703a00000, 0x0000000703a00000, 0x0000000703c00000|  0%| F|  |TAMS 0x0000000703a00000, 0x0000000703a00000| Untracked 
|  18|0x0000000703c00000, 0x0000000703c00000, 0x0000000703e00000|  0%| F|  |TAMS 0x0000000703c00000, 0x0000000703c00000| Untracked 
|  19|0x0000000703e00000, 0x0000000703e00000, 0x0000000704000000|  0%| F|  |TAMS 0x0000000703e00000, 0x0000000703e00000| Untracked 
|  20|0x0000000704000000, 0x0000000704000000, 0x0000000704200000|  0%| F|  |TAMS 0x0000000704000000, 0x0000000704000000| Untracked 
|  21|0x0000000704200000, 0x0000000704200000, 0x0000000704400000|  0%| F|  |TAMS 0x0000000704200000, 0x0000000704200000| Untracked 
|  22|0x0000000704400000, 0x0000000704400000, 0x0000000704600000|  0%| F|  |TAMS 0x0000000704400000, 0x0000000704400000| Untracked 
|  23|0x0000000704600000, 0x0000000704600000, 0x0000000704800000|  0%| F|  |TAMS 0x0000000704600000, 0x0000000704600000| Untracked 
|  24|0x0000000704800000, 0x0000000704800000, 0x0000000704a00000|  0%| F|  |TAMS 0x0000000704800000, 0x0000000704800000| Untracked 
|  25|0x0000000704a00000, 0x0000000704a00000, 0x0000000704c00000|  0%| F|  |TAMS 0x0000000704a00000, 0x0000000704a00000| Untracked 
|  26|0x0000000704c00000, 0x0000000704c00000, 0x0000000704e00000|  0%| F|  |TAMS 0x0000000704c00000, 0x0000000704c00000| Untracked 
|  27|0x0000000704e00000, 0x0000000704e00000, 0x0000000705000000|  0%| F|  |TAMS 0x0000000704e00000, 0x0000000704e00000| Untracked 
|  28|0x0000000705000000, 0x0000000705000000, 0x0000000705200000|  0%| F|  |TAMS 0x0000000705000000, 0x0000000705000000| Untracked 
|  29|0x0000000705200000, 0x0000000705200000, 0x0000000705400000|  0%| F|  |TAMS 0x0000000705200000, 0x0000000705200000| Untracked 
|  30|0x0000000705400000, 0x0000000705400000, 0x0000000705600000|  0%| F|  |TAMS 0x0000000705400000, 0x0000000705400000| Untracked 
|  31|0x0000000705600000, 0x0000000705600000, 0x0000000705800000|  0%| F|  |TAMS 0x0000000705600000, 0x0000000705600000| Untracked 
|  32|0x0000000705800000, 0x0000000705800000, 0x0000000705a00000|  0%| F|  |TAMS 0x0000000705800000, 0x0000000705800000| Untracked 
|  33|0x0000000705a00000, 0x0000000705a00000, 0x0000000705c00000|  0%| F|  |TAMS 0x0000000705a00000, 0x0000000705a00000| Untracked 
|  34|0x0000000705c00000, 0x0000000705c00000, 0x0000000705e00000|  0%| F|  |TAMS 0x0000000705c00000, 0x0000000705c00000| Untracked 
|  35|0x0000000705e00000, 0x0000000705e00000, 0x0000000706000000|  0%| F|  |TAMS 0x0000000705e00000, 0x0000000705e00000| Untracked 
|  36|0x0000000706000000, 0x0000000706000000, 0x0000000706200000|  0%| F|  |TAMS 0x0000000706000000, 0x0000000706000000| Untracked 
|  37|0x0000000706200000, 0x0000000706200000, 0x0000000706400000|  0%| F|  |TAMS 0x0000000706200000, 0x0000000706200000| Untracked 
|  38|0x0000000706400000, 0x0000000706400000, 0x0000000706600000|  0%| F|  |TAMS 0x0000000706400000, 0x0000000706400000| Untracked 
|  39|0x0000000706600000, 0x0000000706600000, 0x0000000706800000|  0%| F|  |TAMS 0x0000000706600000, 0x0000000706600000| Untracked 
|  40|0x0000000706800000, 0x0000000706800000, 0x0000000706a00000|  0%| F|  |TAMS 0x0000000706800000, 0x0000000706800000| Untracked 
|  41|0x0000000706a00000, 0x0000000706a00000, 0x0000000706c00000|  0%| F|  |TAMS 0x0000000706a00000, 0x0000000706a00000| Untracked 
|  42|0x0000000706c00000, 0x0000000706c00000, 0x0000000706e00000|  0%| F|  |TAMS 0x0000000706c00000, 0x0000000706c00000| Untracked 
|  43|0x0000000706e00000, 0x0000000706e00000, 0x0000000707000000|  0%| F|  |TAMS 0x0000000706e00000, 0x0000000706e00000| Untracked 
|  44|0x0000000707000000, 0x0000000707000000, 0x0000000707200000|  0%| F|  |TAMS 0x0000000707000000, 0x0000000707000000| Untracked 
|  45|0x0000000707200000, 0x0000000707200000, 0x0000000707400000|  0%| F|  |TAMS 0x0000000707200000, 0x0000000707200000| Untracked 
|  46|0x0000000707400000, 0x0000000707400000, 0x0000000707600000|  0%| F|  |TAMS 0x0000000707400000, 0x0000000707400000| Untracked 
|  47|0x0000000707600000, 0x0000000707600000, 0x0000000707800000|  0%| F|  |TAMS 0x0000000707600000, 0x0000000707600000| Untracked 
|  48|0x0000000707800000, 0x0000000707800000, 0x0000000707a00000|  0%| F|  |TAMS 0x0000000707800000, 0x0000000707800000| Untracked 
|  49|0x0000000707a00000, 0x0000000707a00000, 0x0000000707c00000|  0%| F|  |TAMS 0x0000000707a00000, 0x0000000707a00000| Untracked 
|  50|0x0000000707c00000, 0x0000000707c00000, 0x0000000707e00000|  0%| F|  |TAMS 0x0000000707c00000, 0x0000000707c00000| Untracked 
|  51|0x0000000707e00000, 0x0000000707e00000, 0x0000000708000000|  0%| F|  |TAMS 0x0000000707e00000, 0x0000000707e00000| Untracked 
|  52|0x0000000708000000, 0x0000000708000000, 0x0000000708200000|  0%| F|  |TAMS 0x0000000708000000, 0x0000000708000000| Untracked 
|  53|0x0000000708200000, 0x0000000708200000, 0x0000000708400000|  0%| F|  |TAMS 0x0000000708200000, 0x0000000708200000| Untracked 
|  54|0x0000000708400000, 0x0000000708400000, 0x0000000708600000|  0%| F|  |TAMS 0x0000000708400000, 0x0000000708400000| Untracked 
|  55|0x0000000708600000, 0x0000000708600000, 0x0000000708800000|  0%| F|  |TAMS 0x0000000708600000, 0x0000000708600000| Untracked 
|  56|0x0000000708800000, 0x0000000708800000, 0x0000000708a00000|  0%| F|  |TAMS 0x0000000708800000, 0x0000000708800000| Untracked 
|  57|0x0000000708a00000, 0x0000000708a00000, 0x0000000708c00000|  0%| F|  |TAMS 0x0000000708a00000, 0x0000000708a00000| Untracked 
|  58|0x0000000708c00000, 0x0000000708c00000, 0x0000000708e00000|  0%| F|  |TAMS 0x0000000708c00000, 0x0000000708c00000| Untracked 
|  59|0x0000000708e00000, 0x0000000708e00000, 0x0000000709000000|  0%| F|  |TAMS 0x0000000708e00000, 0x0000000708e00000| Untracked 
|  60|0x0000000709000000, 0x0000000709000000, 0x0000000709200000|  0%| F|  |TAMS 0x0000000709000000, 0x0000000709000000| Untracked 
|  61|0x0000000709200000, 0x0000000709200000, 0x0000000709400000|  0%| F|  |TAMS 0x0000000709200000, 0x0000000709200000| Untracked 
|  62|0x0000000709400000, 0x0000000709400000, 0x0000000709600000|  0%| F|  |TAMS 0x0000000709400000, 0x0000000709400000| Untracked 
|  63|0x0000000709600000, 0x0000000709600000, 0x0000000709800000|  0%| F|  |TAMS 0x0000000709600000, 0x0000000709600000| Untracked 
|  64|0x0000000709800000, 0x0000000709800000, 0x0000000709a00000|  0%| F|  |TAMS 0x0000000709800000, 0x0000000709800000| Untracked 
|  65|0x0000000709a00000, 0x0000000709a00000, 0x0000000709c00000|  0%| F|  |TAMS 0x0000000709a00000, 0x0000000709a00000| Untracked 
|  66|0x0000000709c00000, 0x0000000709c00000, 0x0000000709e00000|  0%| F|  |TAMS 0x0000000709c00000, 0x0000000709c00000| Untracked 
|  67|0x0000000709e00000, 0x0000000709e00000, 0x000000070a000000|  0%| F|  |TAMS 0x0000000709e00000, 0x0000000709e00000| Untracked 
|  68|0x000000070a000000, 0x000000070a000000, 0x000000070a200000|  0%| F|  |TAMS 0x000000070a000000, 0x000000070a000000| Untracked 
|  69|0x000000070a200000, 0x000000070a200000, 0x000000070a400000|  0%| F|  |TAMS 0x000000070a200000, 0x000000070a200000| Untracked 
|  70|0x000000070a400000, 0x000000070a400000, 0x000000070a600000|  0%| F|  |TAMS 0x000000070a400000, 0x000000070a400000| Untracked 
|  71|0x000000070a600000, 0x000000070a600000, 0x000000070a800000|  0%| F|  |TAMS 0x000000070a600000, 0x000000070a600000| Untracked 
|  72|0x000000070a800000, 0x000000070a800000, 0x000000070aa00000|  0%| F|  |TAMS 0x000000070a800000, 0x000000070a800000| Untracked 
|  73|0x000000070aa00000, 0x000000070aa00000, 0x000000070ac00000|  0%| F|  |TAMS 0x000000070aa00000, 0x000000070aa00000| Untracked 
|  74|0x000000070ac00000, 0x000000070ac00000, 0x000000070ae00000|  0%| F|  |TAMS 0x000000070ac00000, 0x000000070ac00000| Untracked 
|  75|0x000000070ae00000, 0x000000070ae00000, 0x000000070b000000|  0%| F|  |TAMS 0x000000070ae00000, 0x000000070ae00000| Untracked 
|  76|0x000000070b000000, 0x000000070b000000, 0x000000070b200000|  0%| F|  |TAMS 0x000000070b000000, 0x000000070b000000| Untracked 
|  77|0x000000070b200000, 0x000000070b200000, 0x000000070b400000|  0%| F|  |TAMS 0x000000070b200000, 0x000000070b200000| Untracked 
|  78|0x000000070b400000, 0x000000070b400000, 0x000000070b600000|  0%| F|  |TAMS 0x000000070b400000, 0x000000070b400000| Untracked 
|  79|0x000000070b600000, 0x000000070b600000, 0x000000070b800000|  0%| F|  |TAMS 0x000000070b600000, 0x000000070b600000| Untracked 
|  80|0x000000070b800000, 0x000000070b800000, 0x000000070ba00000|  0%| F|  |TAMS 0x000000070b800000, 0x000000070b800000| Untracked 
|  81|0x000000070ba00000, 0x000000070ba00000, 0x000000070bc00000|  0%| F|  |TAMS 0x000000070ba00000, 0x000000070ba00000| Untracked 
|  82|0x000000070bc00000, 0x000000070bc00000, 0x000000070be00000|  0%| F|  |TAMS 0x000000070bc00000, 0x000000070bc00000| Untracked 
|  83|0x000000070be00000, 0x000000070be00000, 0x000000070c000000|  0%| F|  |TAMS 0x000000070be00000, 0x000000070be00000| Untracked 
|  84|0x000000070c000000, 0x000000070c000000, 0x000000070c200000|  0%| F|  |TAMS 0x000000070c000000, 0x000000070c000000| Untracked 
|  85|0x000000070c200000, 0x000000070c200000, 0x000000070c400000|  0%| F|  |TAMS 0x000000070c200000, 0x000000070c200000| Untracked 
|  86|0x000000070c400000, 0x000000070c400000, 0x000000070c600000|  0%| F|  |TAMS 0x000000070c400000, 0x000000070c400000| Untracked 
|  87|0x000000070c600000, 0x000000070c600000, 0x000000070c800000|  0%| F|  |TAMS 0x000000070c600000, 0x000000070c600000| Untracked 
|  88|0x000000070c800000, 0x000000070c800000, 0x000000070ca00000|  0%| F|  |TAMS 0x000000070c800000, 0x000000070c800000| Untracked 
|  89|0x000000070ca00000, 0x000000070ca00000, 0x000000070cc00000|  0%| F|  |TAMS 0x000000070ca00000, 0x000000070ca00000| Untracked 
|  90|0x000000070cc00000, 0x000000070cc00000, 0x000000070ce00000|  0%| F|  |TAMS 0x000000070cc00000, 0x000000070cc00000| Untracked 
|  91|0x000000070ce00000, 0x000000070ce00000, 0x000000070d000000|  0%| F|  |TAMS 0x000000070ce00000, 0x000000070ce00000| Untracked 
|  92|0x000000070d000000, 0x000000070d000000, 0x000000070d200000|  0%| F|  |TAMS 0x000000070d000000, 0x000000070d000000| Untracked 
|  93|0x000000070d200000, 0x000000070d200000, 0x000000070d400000|  0%| F|  |TAMS 0x000000070d200000, 0x000000070d200000| Untracked 
|  94|0x000000070d400000, 0x000000070d400000, 0x000000070d600000|  0%| F|  |TAMS 0x000000070d400000, 0x000000070d400000| Untracked 
|  95|0x000000070d600000, 0x000000070d600000, 0x000000070d800000|  0%| F|  |TAMS 0x000000070d600000, 0x000000070d600000| Untracked 
|  96|0x000000070d800000, 0x000000070d800000, 0x000000070da00000|  0%| F|  |TAMS 0x000000070d800000, 0x000000070d800000| Untracked 
|  97|0x000000070da00000, 0x000000070da00000, 0x000000070dc00000|  0%| F|  |TAMS 0x000000070da00000, 0x000000070da00000| Untracked 
|  98|0x000000070dc00000, 0x000000070dc00000, 0x000000070de00000|  0%| F|  |TAMS 0x000000070dc00000, 0x000000070dc00000| Untracked 
|  99|0x000000070de00000, 0x000000070de00000, 0x000000070e000000|  0%| F|  |TAMS 0x000000070de00000, 0x000000070de00000| Untracked 
| 100|0x000000070e000000, 0x000000070e000000, 0x000000070e200000|  0%| F|  |TAMS 0x000000070e000000, 0x000000070e000000| Untracked 
| 101|0x000000070e200000, 0x000000070e200000, 0x000000070e400000|  0%| F|  |TAMS 0x000000070e200000, 0x000000070e200000| Untracked 
| 102|0x000000070e400000, 0x000000070e400000, 0x000000070e600000|  0%| F|  |TAMS 0x000000070e400000, 0x000000070e400000| Untracked 
| 103|0x000000070e600000, 0x000000070e600000, 0x000000070e800000|  0%| F|  |TAMS 0x000000070e600000, 0x000000070e600000| Untracked 
| 104|0x000000070e800000, 0x000000070e800000, 0x000000070ea00000|  0%| F|  |TAMS 0x000000070e800000, 0x000000070e800000| Untracked 
| 105|0x000000070ea00000, 0x000000070ea00000, 0x000000070ec00000|  0%| F|  |TAMS 0x000000070ea00000, 0x000000070ea00000| Untracked 
| 106|0x000000070ec00000, 0x000000070ec00000, 0x000000070ee00000|  0%| F|  |TAMS 0x000000070ec00000, 0x000000070ec00000| Untracked 
| 107|0x000000070ee00000, 0x000000070ee00000, 0x000000070f000000|  0%| F|  |TAMS 0x000000070ee00000, 0x000000070ee00000| Untracked 
| 108|0x000000070f000000, 0x000000070f000000, 0x000000070f200000|  0%| F|  |TAMS 0x000000070f000000, 0x000000070f000000| Untracked 
| 109|0x000000070f200000, 0x000000070f200000, 0x000000070f400000|  0%| F|  |TAMS 0x000000070f200000, 0x000000070f200000| Untracked 
| 110|0x000000070f400000, 0x000000070f400000, 0x000000070f600000|  0%| F|  |TAMS 0x000000070f400000, 0x000000070f400000| Untracked 
| 111|0x000000070f600000, 0x000000070f600000, 0x000000070f800000|  0%| F|  |TAMS 0x000000070f600000, 0x000000070f600000| Untracked 
| 112|0x000000070f800000, 0x000000070f800000, 0x000000070fa00000|  0%| F|  |TAMS 0x000000070f800000, 0x000000070f800000| Untracked 
| 113|0x000000070fa00000, 0x000000070fa00000, 0x000000070fc00000|  0%| F|  |TAMS 0x000000070fa00000, 0x000000070fa00000| Untracked 
| 114|0x000000070fc00000, 0x000000070fc00000, 0x000000070fe00000|  0%| F|  |TAMS 0x000000070fc00000, 0x000000070fc00000| Untracked 
| 115|0x000000070fe00000, 0x000000070fe00000, 0x0000000710000000|  0%| F|  |TAMS 0x000000070fe00000, 0x000000070fe00000| Untracked 
| 116|0x0000000710000000, 0x0000000710000000, 0x0000000710200000|  0%| F|  |TAMS 0x0000000710000000, 0x0000000710000000| Untracked 
| 117|0x0000000710200000, 0x0000000710200000, 0x0000000710400000|  0%| F|  |TAMS 0x0000000710200000, 0x0000000710200000| Untracked 
| 118|0x0000000710400000, 0x0000000710400000, 0x0000000710600000|  0%| F|  |TAMS 0x0000000710400000, 0x0000000710400000| Untracked 
| 119|0x0000000710600000, 0x0000000710600000, 0x0000000710800000|  0%| F|  |TAMS 0x0000000710600000, 0x0000000710600000| Untracked 
| 120|0x0000000710800000, 0x0000000710800000, 0x0000000710a00000|  0%| F|  |TAMS 0x0000000710800000, 0x0000000710800000| Untracked 
| 121|0x0000000710a00000, 0x0000000710a00000, 0x0000000710c00000|  0%| F|  |TAMS 0x0000000710a00000, 0x0000000710a00000| Untracked 
| 122|0x0000000710c00000, 0x0000000710c00000, 0x0000000710e00000|  0%| F|  |TAMS 0x0000000710c00000, 0x0000000710c00000| Untracked 
| 123|0x0000000710e00000, 0x0000000710e00000, 0x0000000711000000|  0%| F|  |TAMS 0x0000000710e00000, 0x0000000710e00000| Untracked 
| 124|0x0000000711000000, 0x0000000711000000, 0x0000000711200000|  0%| F|  |TAMS 0x0000000711000000, 0x0000000711000000| Untracked 
| 125|0x0000000711200000, 0x00000007112eeb30, 0x0000000711400000| 46%| E|  |TAMS 0x0000000711200000, 0x0000000711200000| Complete 
| 126|0x0000000711400000, 0x0000000711600000, 0x0000000711600000|100%| E|CS|TAMS 0x0000000711400000, 0x0000000711400000| Complete 
| 127|0x0000000711600000, 0x0000000711800000, 0x0000000711800000|100%| E|CS|TAMS 0x0000000711600000, 0x0000000711600000| Complete 

Card table byte_map: [0x0000021363b20000,0x0000021364320000] _byte_map_base: 0x0000021360314000

Marking Bits (Prev, Next): (CMBitMap*) 0x000002134fc1d240, (CMBitMap*) 0x000002134fc1d280
 Prev Bits: [0x0000021364b20000, 0x0000021368ac0000)
 Next Bits: [0x0000021368ac0000, 0x000002136ca60000)

Polling page: 0x000002134e2f0000

Metaspace:

Usage:
  Non-class:      5.89 MB used.
      Class:    561.82 KB used.
       Both:      6.43 MB used.

Virtual space:
  Non-class space:       64.00 MB reserved,       5.94 MB (  9%) committed,  1 nodes.
      Class space:        1.00 GB reserved,     640.00 KB ( <1%) committed,  1 nodes.
             Both:        1.06 GB reserved,       6.56 MB ( <1%) committed. 

Chunk freelists:
   Non-Class:  10.05 MB
       Class:  15.25 MB
        Both:  25.30 MB

MaxMetaspaceSize: unlimited
CompressedClassSpaceSize: 1.00 GB
Initial GC threshold: 21.00 MB
Current GC threshold: 21.00 MB
CDS: off
MetaspaceReclaimPolicy: balanced
 - commit_granule_bytes: 65536.
 - commit_granule_words: 8192.
 - virtual_space_node_default_size: 8388608.
 - enlarge_chunks_in_place: 1.
 - new_chunks_are_fully_committed: 0.
 - uncommit_free_chunks: 1.
 - use_allocation_guard: 0.
 - handle_deallocations: 1.


Internal statistics:

num_allocs_failed_limit: 0.
num_arena_births: 6.
num_arena_deaths: 0.
num_vsnodes_births: 2.
num_vsnodes_deaths: 0.
num_space_committed: 105.
num_space_uncommitted: 0.
num_chunks_returned_to_freelist: 0.
num_chunks_taken_from_freelist: 20.
num_chunk_merges: 0.
num_chunk_splits: 7.
num_chunks_enlarged: 2.
num_inconsistent_stats: 0.

CodeHeap 'non-profiled nmethods': size=120000Kb used=86Kb max_used=86Kb free=119913Kb
 bounds [0x000002135b170000, 0x000002135b3e0000, 0x00000213626a0000]
CodeHeap 'profiled nmethods': size=120000Kb used=357Kb max_used=357Kb free=119643Kb
 bounds [0x00000213536a0000, 0x0000021353910000, 0x000002135abd0000]
CodeHeap 'non-nmethods': size=5760Kb used=1100Kb max_used=1115Kb free=4659Kb
 bounds [0x000002135abd0000, 0x000002135ae40000, 0x000002135b170000]
 total_blobs=652 nmethods=277 adapters=288
 compilation: enabled
              stopped_count=0, restarted_count=0
 full_count=0

Compilation events (20 events):
Event: 0.210 Thread 0x000002136f967c80 nmethod 242 0x000002135b181b90 code [0x000002135b181d20, 0x000002135b1821a8]
Event: 0.210 Thread 0x000002136f967c80  243       4       java.util.zip.ZipFile$Source::zipCoderForPos (39 bytes)
Event: 0.211 Thread 0x000002136f9b0b00 nmethod 247 0x00000213536ee610 code [0x00000213536ee880, 0x00000213536ef3d8]
Event: 0.211 Thread 0x000002136f967c80 nmethod 243 0x000002135b182390 code [0x000002135b182500, 0x000002135b1825b8]
Event: 0.211 Thread 0x000002136f967c80  248   !   4       java.util.zip.ZipFile$Source::checkAndAddEntry (262 bytes)
Event: 0.211 Thread 0x000002136f9b0b00  250       3       java.io.WinNTFileSystem::normalize (143 bytes)
Event: 0.211 Thread 0x000002136f9b0b00 nmethod 250 0x00000213536ef810 code [0x00000213536efaa0, 0x00000213536f0678]
Event: 0.211 Thread 0x000002136f9b0b00  251       3       java.lang.StringBuilder::append (10 bytes)
Event: 0.212 Thread 0x000002136f9b0b00 nmethod 251 0x00000213536f0b10 code [0x00000213536f0ca0, 0x00000213536f0de8]
Event: 0.212 Thread 0x000002136f9b0b00  252       3       java.lang.AbstractStringBuilder::append (63 bytes)
Event: 0.212 Thread 0x000002136f9b0b00 nmethod 252 0x00000213536f0e90 code [0x00000213536f1080, 0x00000213536f15e8]
Event: 0.212 Thread 0x000002136f9b0b00  254       1       java.lang.Integer::intValue (5 bytes)
Event: 0.212 Thread 0x000002136f9b0b00 nmethod 254 0x000002135b182690 code [0x000002135b182820, 0x000002135b1828f8]
Event: 0.212 Thread 0x000002136f9b0b00  255       1       java.net.URL::getHost (5 bytes)
Event: 0.212 Thread 0x000002136f9b0b00 nmethod 255 0x000002135b182990 code [0x000002135b182b20, 0x000002135b182bf8]
Event: 0.212 Thread 0x000002136f9b0b00  256       3       jdk.internal.ref.CleanerImpl::getCleanerImpl (13 bytes)
Event: 0.212 Thread 0x000002136f9b0b00 nmethod 256 0x00000213536f1790 code [0x00000213536f1940, 0x00000213536f1c08]
Event: 0.212 Thread 0x000002136f9b0b00  258       3       java.io.RandomAccessFile::readFully (45 bytes)
Event: 0.213 Thread 0x000002136f9b0b00 nmethod 258 0x00000213536f1d10 code [0x00000213536f1ee0, 0x00000213536f2258]
Event: 0.213 Thread 0x000002136f9b0b00  257       3       java.lang.ref.Cleaner$1::apply (9 bytes)

GC Heap History (0 events):
No events

Dll operation events (3 events):
Event: 0.014 Loaded shared library C:\Users\MR\.jdks\jbr-17.0.9\bin\java.dll
Event: 0.053 Loaded shared library C:\Users\MR\.jdks\jbr-17.0.9\bin\jsvml.dll
Event: 0.165 Loaded shared library C:\Users\MR\.jdks\jbr-17.0.9\bin\zip.dll

Deoptimization events (16 events):
Event: 0.168 Thread 0x000002134fbb3a10 Uncommon trap: trap_request=0xffffff45 fr.pc=0x000002135b174adc relative=0x000000000000005c
Event: 0.168 Thread 0x000002134fbb3a10 Uncommon trap: reason=unstable_if action=reinterpret pc=0x000002135b174adc method=java.lang.String.isLatin1()Z @ 10 c2
Event: 0.168 Thread 0x000002134fbb3a10 DEOPT PACKING pc=0x000002135b174adc sp=0x000000df641fcfe0
Event: 0.168 Thread 0x000002134fbb3a10 DEOPT UNPACKING pc=0x000002135ac269a3 sp=0x000000df641fcf70 mode 2
Event: 0.196 Thread 0x000002134fbb3a10 Uncommon trap: trap_request=0xffffff45 fr.pc=0x000002135b17d7e4 relative=0x0000000000000884
Event: 0.196 Thread 0x000002134fbb3a10 Uncommon trap: reason=unstable_if action=reinterpret pc=0x000002135b17d7e4 method=java.util.HashMap.putVal(ILjava/lang/Object;Ljava/lang/Object;ZZ)Ljava/lang/Object; @ 181 c2
Event: 0.196 Thread 0x000002134fbb3a10 DEOPT PACKING pc=0x000002135b17d7e4 sp=0x000000df641fe500
Event: 0.196 Thread 0x000002134fbb3a10 DEOPT UNPACKING pc=0x000002135ac269a3 sp=0x000000df641fe4a0 mode 2
Event: 0.197 Thread 0x000002134fbb3a10 DEOPT PACKING pc=0x00000213536d4c8c sp=0x000000df641fdb10
Event: 0.197 Thread 0x000002134fbb3a10 DEOPT UNPACKING pc=0x000002135ac27143 sp=0x000000df641fcfa0 mode 0
Event: 0.197 Thread 0x000002134fbb3a10 DEOPT PACKING pc=0x00000213536d4c8c sp=0x000000df641fdb10
Event: 0.197 Thread 0x000002134fbb3a10 DEOPT UNPACKING pc=0x000002135ac27143 sp=0x000000df641fcfa0 mode 0
Event: 0.197 Thread 0x000002134fbb3a10 DEOPT PACKING pc=0x00000213536d4c8c sp=0x000000df641fdb10
Event: 0.197 Thread 0x000002134fbb3a10 DEOPT UNPACKING pc=0x000002135ac27143 sp=0x000000df641fcfa0 mode 0
Event: 0.200 Thread 0x000002134fbb3a10 DEOPT PACKING pc=0x00000213536d4c8c sp=0x000000df641fdb10
Event: 0.200 Thread 0x000002134fbb3a10 DEOPT UNPACKING pc=0x000002135ac27143 sp=0x000000df641fcfa0 mode 0

Classes unloaded (0 events):
No events

Classes redefined (0 events):
No events

Internal exceptions (0 events):
No events

VM Operations (2 events):
Event: 0.155 Executing VM operation: HandshakeAllThreads
Event: 0.155 Executing VM operation: HandshakeAllThreads done

Events (20 events):
Event: 0.199 loading class java/util/SortedMap
Event: 0.200 loading class java/util/SortedMap done
Event: 0.200 loading class java/util/NavigableMap done
Event: 0.200 loading class java/util/TreeMap done
Event: 0.200 loading class java/util/TreeMap$Entry
Event: 0.200 loading class java/util/TreeMap$Entry done
Event: 0.200 loading class java/util/TreeMap$KeySet
Event: 0.200 loading class java/util/TreeMap$KeySet done
Event: 0.200 loading class java/util/TreeMap$KeyIterator
Event: 0.200 loading class java/util/TreeMap$PrivateEntryIterator
Event: 0.200 loading class java/util/TreeMap$PrivateEntryIterator done
Event: 0.200 loading class java/util/TreeMap$KeyIterator done
Event: 0.200 loading class java/util/jar/Attributes
Event: 0.201 loading class java/util/jar/Attributes done
Event: 0.201 loading class java/util/jar/Manifest$FastInputStream
Event: 0.201 loading class java/util/jar/Manifest$FastInputStream done
Event: 0.201 loading class java/io/ByteArrayOutputStream
Event: 0.201 loading class java/io/ByteArrayOutputStream done
Event: 0.201 loading class java/util/jar/Attributes$Name
Event: 0.201 loading class java/util/jar/Attributes$Name done


Dynamic libraries:
0x00007ff79e090000 - 0x00007ff79e09a000 	C:\Users\MR\.jdks\jbr-17.0.9\bin\java.exe
0x00007ffd44120000 - 0x00007ffd44329000 	C:\Windows\SYSTEM32\ntdll.dll
0x00007ffd43760000 - 0x00007ffd4381d000 	C:\Windows\System32\KERNEL32.DLL
0x00007ffd41670000 - 0x00007ffd419f4000 	C:\Windows\System32\KERNELBASE.dll
0x00007ffd41da0000 - 0x00007ffd41eb1000 	C:\Windows\System32\ucrtbase.dll
0x00007ffd37f60000 - 0x00007ffd37f77000 	C:\Users\MR\.jdks\jbr-17.0.9\bin\jli.dll
0x00007ffd380e0000 - 0x00007ffd380fb000 	C:\Users\MR\.jdks\jbr-17.0.9\bin\VCRUNTIME140.dll
0x00007ffd42ee0000 - 0x00007ffd4308d000 	C:\Windows\System32\USER32.dll
0x00007ffd41ec0000 - 0x00007ffd41ee6000 	C:\Windows\System32\win32u.dll
0x00007ffd29270000 - 0x00007ffd29515000 	C:\Windows\WinSxS\amd64_microsoft.windows.common-controls_6595b64144ccf1df_6.0.22000.120_none_9d947278b86cc467\COMCTL32.dll
0x00007ffd43400000 - 0x00007ffd4342a000 	C:\Windows\System32\GDI32.dll
0x00007ffd43d60000 - 0x00007ffd43e03000 	C:\Windows\System32\msvcrt.dll
0x00007ffd41b10000 - 0x00007ffd41c2e000 	C:\Windows\System32\gdi32full.dll
0x00007ffd41a00000 - 0x00007ffd41a9d000 	C:\Windows\System32\msvcp_win.dll
0x00007ffd42c30000 - 0x00007ffd42c61000 	C:\Windows\System32\IMM32.DLL
0x000000005ec80000 - 0x000000005ec8c000 	C:\Program Files (x86)\360\360Safe\safemon\SafeWrapper.dll
0x00007ffd42e30000 - 0x00007ffd42ede000 	C:\Windows\System32\ADVAPI32.dll
0x00007ffd44040000 - 0x00007ffd440de000 	C:\Windows\System32\sechost.dll
0x00007ffd43f10000 - 0x00007ffd44031000 	C:\Windows\System32\RPCRT4.dll
0x00007ffd2f110000 - 0x00007ffd2f1b1000 	C:\Program Files (x86)\360\360Safe\safemon\libzdtp64.dll
0x00007ffd423c0000 - 0x00007ffd42b85000 	C:\Windows\System32\SHELL32.dll
0x00007ffd43180000 - 0x00007ffd431dd000 	C:\Windows\System32\SHLWAPI.dll
0x00007ffd41120000 - 0x00007ffd4112a000 	C:\Windows\SYSTEM32\VERSION.dll
0x00007ffd39cc0000 - 0x00007ffd39ccc000 	C:\Users\MR\.jdks\jbr-17.0.9\bin\vcruntime140_1.dll
0x00007ffd13ea0000 - 0x00007ffd13f2d000 	C:\Users\MR\.jdks\jbr-17.0.9\bin\msvcp140.dll
0x00007ffcfc690000 - 0x00007ffcfd312000 	C:\Users\MR\.jdks\jbr-17.0.9\bin\server\jvm.dll
0x00007ffd39dc0000 - 0x00007ffd39df3000 	C:\Windows\SYSTEM32\WINMM.dll
0x00007ffd3d380000 - 0x00007ffd3d389000 	C:\Windows\SYSTEM32\WSOCK32.dll
0x00007ffd41480000 - 0x00007ffd414cd000 	C:\Windows\SYSTEM32\POWRPROF.dll
0x00007ffd43430000 - 0x00007ffd4349f000 	C:\Windows\System32\WS2_32.dll
0x00007ffd41460000 - 0x00007ffd41473000 	C:\Windows\SYSTEM32\UMPDC.dll
0x00007ffd40560000 - 0x00007ffd40578000 	C:\Windows\SYSTEM32\kernel.appcore.dll
0x00007ffd39430000 - 0x00007ffd3943a000 	C:\Users\MR\.jdks\jbr-17.0.9\bin\jimage.dll
0x00007ffd36810000 - 0x00007ffd36a31000 	C:\Windows\SYSTEM32\DBGHELP.DLL
0x00007ffd367d0000 - 0x00007ffd36801000 	C:\Windows\SYSTEM32\dbgcore.DLL
0x00007ffd41ef0000 - 0x00007ffd41f6f000 	C:\Windows\System32\bcryptPrimitives.dll
0x00007ffd38030000 - 0x00007ffd3803e000 	C:\Users\MR\.jdks\jbr-17.0.9\bin\instrument.dll
0x00007ffd22780000 - 0x00007ffd227a5000 	C:\Users\MR\.jdks\jbr-17.0.9\bin\java.dll
0x00007ffd361e0000 - 0x00007ffd361f8000 	C:\Users\MR\.jdks\jbr-17.0.9\bin\zip.dll
0x00007ffd0fa40000 - 0x00007ffd0fb17000 	C:\Users\MR\.jdks\jbr-17.0.9\bin\jsvml.dll
0x00007ffd3f5b0000 - 0x00007ffd3fe12000 	C:\Windows\SYSTEM32\windows.storage.dll
0x00007ffd42040000 - 0x00007ffd423b6000 	C:\Windows\System32\combase.dll
0x00007ffd3f440000 - 0x00007ffd3f5a7000 	C:\Windows\SYSTEM32\wintypes.dll
0x00007ffd434a0000 - 0x00007ffd4358a000 	C:\Windows\System32\SHCORE.dll
0x00007ffd414e0000 - 0x00007ffd41505000 	C:\Windows\SYSTEM32\profapi.dll
0x00007ffd3dca0000 - 0x00007ffd3dcb9000 	C:\Users\MR\.jdks\jbr-17.0.9\bin\net.dll
0x00007ffd3ad10000 - 0x00007ffd3ae24000 	C:\Windows\SYSTEM32\WINHTTP.dll
0x00007ffd40a40000 - 0x00007ffd40aa7000 	C:\Windows\system32\mswsock.dll
0x00007ffd37fe0000 - 0x00007ffd37ff6000 	C:\Users\MR\.jdks\jbr-17.0.9\bin\nio.dll

dbghelp: loaded successfully - version: 4.0.5 - missing functions: none
symbol engine: initialized successfully - sym options: 0x614 - pdb path: .;C:\Users\MR\.jdks\jbr-17.0.9\bin;C:\Windows\SYSTEM32;C:\Windows\WinSxS\amd64_microsoft.windows.common-controls_6595b64144ccf1df_6.0.22000.120_none_9d947278b86cc467;C:\Program Files (x86)\360\360Safe\safemon;C:\Users\MR\.jdks\jbr-17.0.9\bin\server

VM Arguments:
jvm_args: -javaagent:D:\IntelliJ IDEA 2023.3.4\lib\idea_rt.jar=56533:D:\IntelliJ IDEA 2023.3.4\bin -Dfile.encoding=UTF-8 
java_command: com.kob.botrunningsystem.Main test,test2
java_class_path (initial): F:\ideaProject\KOB\backendCloud\botrunningsystem\target\classes;C:\Users\MR\.m2\repository\org\springframework\boot\spring-boot-starter-web\3.2.3\spring-boot-starter-web-3.2.3.jar;C:\Users\MR\.m2\repository\org\springframework\boot\spring-boot-starter\3.2.3\spring-boot-starter-3.2.3.jar;C:\Users\MR\.m2\repository\org\springframework\boot\spring-boot\3.2.3\spring-boot-3.2.3.jar;C:\Users\MR\.m2\repository\org\springframework\boot\spring-boot-autoconfigure\3.2.3\spring-boot-autoconfigure-3.2.3.jar;C:\Users\MR\.m2\repository\org\springframework\boot\spring-boot-starter-logging\3.2.3\spring-boot-starter-logging-3.2.3.jar;C:\Users\MR\.m2\repository\ch\qos\logback\logback-classic\1.4.14\logback-classic-1.4.14.jar;C:\Users\MR\.m2\repository\ch\qos\logback\logback-core\1.4.14\logback-core-1.4.14.jar;C:\Users\MR\.m2\repository\org\apache\logging\log4j\log4j-to-slf4j\2.21.1\log4j-to-slf4j-2.21.1.jar;C:\Users\MR\.m2\repository\org\apache\logging\log4j\log4j-api\2.21.1\log4j-api-2.21.1.jar;C:\Users\MR\.m2\repository\org\slf4j\jul-to-slf4j\2.0.12\jul-to-slf4j-2.0.12.jar;C:\Users\MR\.m2\repository\jakarta\annotation\jakarta.annotation-api\2.1.1\jakarta.annotation-api-2.1.1.jar;C:\Users\MR\.m2\repository\org\yaml\snakeyaml\2.2\snakeyaml-2.2.jar;C:\Users\MR\.m2\repository\org\springframework\boot\spring-boot-starter-json\3.2.3\spring-boot-starter-json-3.2.3.jar;C:\Users\MR\.m2\repository\com\fasterxml\jackson\core\jackson-databind\2.15.4\jackson-databind-2.15.4.jar;C:\Users\MR\.m2\repository\com\fasterxml\jackson\core\jackson-annotations\2.15.4\jackson-annotations-2.15.4.jar;C:\Users\MR\.m2\repository\com\fasterxml\jackson\core\jackson-core\2.15.4\jackson-core-2.15.4.jar;C:\Users\MR\.m2\repository\com\fasterxml\jackson\datatype\jackson-datatype-jdk8\2.15.4\jackson-datatype-jdk8-2.15.4.jar;C:\Users\MR\.m2\repository\com\fasterxml\jackson\datatype\jackson-datatype-jsr310\2.15.4\jackson-datatype-jsr310-2.15.4.jar;C:\Users\MR\.m2\repository\com\fasterxml\jac
Launcher Type: SUN_STANDARD

[Global flags]
     intx CICompilerCount                          = 4                                         {product} {ergonomic}
     uint ConcGCThreads                            = 3                                         {product} {ergonomic}
     uint G1ConcRefinementThreads                  = 10                                        {product} {ergonomic}
   size_t G1HeapRegionSize                         = 2097152                                   {product} {ergonomic}
    uintx GCDrainStackTargetSize                   = 64                                        {product} {ergonomic}
   size_t InitialHeapSize                          = 268435456                                 {product} {ergonomic}
   size_t MarkStackSize                            = 4194304                                   {product} {ergonomic}
   size_t MaxHeapSize                              = 4269801472                                {product} {ergonomic}
   size_t MaxNewSize                               = 2560622592                                {product} {ergonomic}
   size_t MinHeapDeltaBytes                        = 2097152                                   {product} {ergonomic}
   size_t MinHeapSize                              = 8388608                                   {product} {ergonomic}
    uintx NonNMethodCodeHeapSize                   = 5839372                                {pd product} {ergonomic}
    uintx NonProfiledCodeHeapSize                  = 122909434                              {pd product} {ergonomic}
    uintx ProfiledCodeHeapSize                     = 122909434                              {pd product} {ergonomic}
    uintx ReservedCodeCacheSize                    = 251658240                              {pd product} {ergonomic}
     bool SegmentedCodeCache                       = true                                      {product} {ergonomic}
   size_t SoftMaxHeapSize                          = 4269801472                             {manageable} {ergonomic}
     bool UseCompressedClassPointers               = true                           {product lp64_product} {ergonomic}
     bool UseCompressedOops                        = true                           {product lp64_product} {ergonomic}
     bool UseG1GC                                  = true                                      {product} {ergonomic}
     bool UseLargePagesIndividualAllocation        = false                                  {pd product} {ergonomic}

Logging:
Log output configuration:
 #0: stdout all=warning uptime,level,tags
 #1: stderr all=off uptime,level,tags

Environment Variables:
PATH=C:\Windows\system32;C:\Windows;C:\Windows\System32\Wbem;C:\Windows\System32\WindowsPowerShell\v1.0\;C:\Windows\System32\OpenSSH\;C:\Program Files\Git\cmd;D:\Anaconda3;D:\Anaconda3\Scripts;D:\Anaconda3\Library\bin;C:\Program Files\dotnet\;D:\Bandizip\;D:\nodejs\;D:\Program Files\MySQL\MySQL Server 8.0\bin\;;C:\Program Files\Docker\Docker\resources\bin;C:\Users\MR\AppData\Local\Microsoft\WindowsApps;D:\Microsoft VS Code\bin;C:\Users\MR\.dotnet\tools;D:\PyCharm Community Edition 2023.1\bin;;D:\nodejs;;D:\PyCharm 2023.1.3\bin;;C:\texlive\2023\bin\windows;D:\IntelliJ IDEA 2023.3.4\bin;;C:\Users\MR\AppData\Roaming\npm
USERNAME=MR
OS=Windows_NT
PROCESSOR_IDENTIFIER=AMD64 Family 25 Model 80 Stepping 0, AuthenticAMD
TMP=C:\Users\MR\AppData\Local\Temp
TEMP=C:\Users\MR\AppData\Local\Temp



Periodic native trim disabled

JNI global refs:
JNI global refs: 10, weak refs: 0

JNI global refs memory usage: 843, weak refs: 209

OOME stack traces (most recent first):
Classloader memory used:
